  Playlist.c
c:\users\kathryn\downloads\cpts 122 2020\pa2_1\playlist\playlist.c(26): warning C4047: '=': 'node *' differs in levels of indirection from 'Record **'
c:\users\kathryn\downloads\cpts 122 2020\pa2_1\playlist\playlist.c(34): warning C4013: 'malloc' undefined; assuming extern returning int
c:\users\kathryn\downloads\cpts 122 2020\pa2_1\playlist\playlist.c(59): warning C4047: '=': 'node **' differs in levels of indirection from 'node *'
c:\users\kathryn\downloads\cpts 122 2020\pa2_1\playlist\playlist.c(60): warning C4047: 'return': 'node **' differs in levels of indirection from 'node *'
c:\users\kathryn\downloads\cpts 122 2020\pa2_1\playlist\playlist.c(175): warning C4013: 'atoi' undefined; assuming extern returning int
c:\users\kathryn\downloads\cpts 122 2020\pa2_1\playlist\playlist.c(221): warning C4013: 'free' undefined; assuming extern returning int
c:\users\kathryn\downloads\cpts 122 2020\pa2_1\playlist\playlist.c(245): warning C4047: 'initializing': 'node *' differs in levels of indirection from 'node **'
c:\users\kathryn\downloads\cpts 122 2020\pa2_1\playlist\playlist.c(298): warning C4477: 'scanf' : format string '%d' requires an argument of type 'int *', but variadic argument 1 has type 'int'
c:\users\kathryn\downloads\cpts 122 2020\pa2_1\playlist\playlist.c(306): warning C4033: 'displayall' must return a value
c:\users\kathryn\downloads\cpts 122 2020\pa2_1\playlist\playlist.c(331): warning C4033: 'displayall' must return a value
c:\users\kathryn\downloads\cpts 122 2020\pa2_1\playlist\playlist.c(371): warning C4477: 'scanf' : format string '%d' requires an argument of type 'int *', but variadic argument 1 has type 'int'
c:\users\kathryn\downloads\cpts 122 2020\pa2_1\playlist\playlist.c(375): warning C4477: 'scanf' : format string '%c' requires an argument of type 'char *', but variadic argument 1 has type 'int'
c:\users\kathryn\downloads\cpts 122 2020\pa2_1\playlist\playlist.c(376): warning C4013: 'system' undefined; assuming extern returning int
c:\users\kathryn\downloads\cpts 122 2020\pa2_1\playlist\playlist.c(355): warning C4047: 'initializing': 'char' differs in levels of indirection from 'char [1]'
c:\users\kathryn\downloads\cpts 122 2020\pa2_1\playlist\playlist.c(410): warning C4028: formal parameter 1 different from declaration
c:\users\kathryn\downloads\cpts 122 2020\pa2_1\playlist\playlist.c(493): warning C4028: formal parameter 1 different from declaration
c:\users\kathryn\downloads\cpts 122 2020\pa2_1\playlist\playlist.c(508): warning C4047: 'function': 'node **' differs in levels of indirection from 'node *'
c:\users\kathryn\downloads\cpts 122 2020\pa2_1\playlist\playlist.c(508): warning C4024: 'search': different types for formal and actual parameter 1
c:\users\kathryn\downloads\cpts 122 2020\pa2_1\playlist\playlist.c(512): warning C4477: 'scanf' : format string '%d' requires an argument of type 'int *', but variadic argument 1 has type 'int'
c:\users\kathryn\downloads\cpts 122 2020\pa2_1\playlist\playlist.c(494): warning C4047: 'initializing': 'node *' differs in levels of indirection from 'node **'
c:\users\kathryn\downloads\cpts 122 2020\pa2_1\playlist\playlist.c(523): warning C4047: 'function': 'node **' differs in levels of indirection from 'node *'
c:\users\kathryn\downloads\cpts 122 2020\pa2_1\playlist\playlist.c(523): warning C4024: 'isEmpty': different types for formal and actual parameter 1
c:\users\kathryn\downloads\cpts 122 2020\pa2_1\playlist\playlist.c(641): warning C4047: 'function': 'node *' differs in levels of indirection from 'node **'
c:\users\kathryn\downloads\cpts 122 2020\pa2_1\playlist\playlist.c(641): warning C4024: 'play': different types for formal and actual parameter 1
c:\users\kathryn\downloads\cpts 122 2020\pa2_1\playlist\playlist.c(347): warning C4715: 'displayall': not all control paths return a value
  Playlist.vcxproj -> C:\Users\Kathryn\Downloads\CPTS 122 2020\PA2_1\Debug\Playlist.exe
